[2023-09-27T13:48:05.861+0000] {taskinstance.py:1103} INFO - Dependencies all met for dep_context=non-requeueable deps ti=<TaskInstance: web_scraping_dag.build_image manual__2023-09-27T13:48:04.600387+00:00 [queued]>
[2023-09-27T13:48:05.872+0000] {taskinstance.py:1103} INFO - Dependencies all met for dep_context=requeueable deps ti=<TaskInstance: web_scraping_dag.build_image manual__2023-09-27T13:48:04.600387+00:00 [queued]>
[2023-09-27T13:48:05.872+0000] {taskinstance.py:1308} INFO - Starting attempt 1 of 2
[2023-09-27T13:48:05.887+0000] {taskinstance.py:1327} INFO - Executing <Task(BashOperator): build_image> on 2023-09-27 13:48:04.600387+00:00
[2023-09-27T13:48:05.891+0000] {standard_task_runner.py:57} INFO - Started process 228 to run task
[2023-09-27T13:48:05.895+0000] {standard_task_runner.py:84} INFO - Running: ['***', 'tasks', 'run', 'web_scraping_dag', 'build_image', 'manual__2023-09-27T13:48:04.600387+00:00', '--job-id', '256', '--raw', '--subdir', 'DAGS_FOLDER/web_scrapping_test.py', '--cfg-path', '/tmp/tmpw4uaolgq']
[2023-09-27T13:48:05.896+0000] {standard_task_runner.py:85} INFO - Job 256: Subtask build_image
[2023-09-27T13:48:05.946+0000] {task_command.py:410} INFO - Running <TaskInstance: web_scraping_dag.build_image manual__2023-09-27T13:48:04.600387+00:00 [running]> on host 68a50629bb32
[2023-09-27T13:48:06.054+0000] {taskinstance.py:1547} INFO - Exporting env vars: AIRFLOW_CTX_DAG_OWNER='***' AIRFLOW_CTX_DAG_ID='web_scraping_dag' AIRFLOW_CTX_TASK_ID='build_image' AIRFLOW_CTX_EXECUTION_DATE='2023-09-27T13:48:04.600387+00:00' AIRFLOW_CTX_TRY_NUMBER='1' AIRFLOW_CTX_DAG_RUN_ID='manual__2023-09-27T13:48:04.600387+00:00'
[2023-09-27T13:48:06.055+0000] {subprocess.py:63} INFO - Tmp dir root location: /tmp
[2023-09-27T13:48:06.056+0000] {subprocess.py:75} INFO - Running command: ['/bin/bash', '-c', 'docker build -f Dockerfile-selenium -t my_selenium_image . --tag sel_webscrap']
[2023-09-27T13:48:06.066+0000] {subprocess.py:86} INFO - Output:
[2023-09-27T13:48:06.222+0000] {subprocess.py:93} INFO - unable to prepare context: unable to evaluate symlinks in Dockerfile path: lstat /tmp/***tmpuafa_dit/Dockerfile-selenium: no such file or directory
[2023-09-27T13:48:06.223+0000] {subprocess.py:97} INFO - Command exited with return code 1
[2023-09-27T13:48:06.236+0000] {taskinstance.py:1824} ERROR - Task failed with exception
Traceback (most recent call last):
  File "/home/airflow/.local/lib/python3.7/site-packages/airflow/operators/bash.py", line 211, in execute
    f"Bash command failed. The command returned a non-zero exit code {result.exit_code}."
airflow.exceptions.AirflowException: Bash command failed. The command returned a non-zero exit code 1.
[2023-09-27T13:48:06.242+0000] {taskinstance.py:1350} INFO - Marking task as UP_FOR_RETRY. dag_id=web_scraping_dag, task_id=build_image, execution_date=20230927T134804, start_date=20230927T134805, end_date=20230927T134806
[2023-09-27T13:48:06.261+0000] {standard_task_runner.py:109} ERROR - Failed to execute job 256 for task build_image (Bash command failed. The command returned a non-zero exit code 1.; 228)
[2023-09-27T13:48:06.308+0000] {local_task_job_runner.py:225} INFO - Task exited with return code 1
[2023-09-27T13:48:06.333+0000] {taskinstance.py:2653} INFO - 0 downstream tasks scheduled from follow-on schedule check
