[2023-09-27T16:41:35.362+0000] {taskinstance.py:1103} INFO - Dependencies all met for dep_context=non-requeueable deps ti=<TaskInstance: web_scraping_dag.build_image manual__2023-09-27T16:41:25.685172+00:00 [queued]>
[2023-09-27T16:41:35.531+0000] {taskinstance.py:1103} INFO - Dependencies all met for dep_context=requeueable deps ti=<TaskInstance: web_scraping_dag.build_image manual__2023-09-27T16:41:25.685172+00:00 [queued]>
[2023-09-27T16:41:35.531+0000] {taskinstance.py:1308} INFO - Starting attempt 1 of 2
[2023-09-27T16:41:35.832+0000] {taskinstance.py:1327} INFO - Executing <Task(BashOperator): build_image> on 2023-09-27 16:41:25.685172+00:00
[2023-09-27T16:41:35.891+0000] {standard_task_runner.py:57} INFO - Started process 2002 to run task
[2023-09-27T16:41:35.960+0000] {standard_task_runner.py:84} INFO - Running: ['***', 'tasks', 'run', 'web_scraping_dag', 'build_image', 'manual__2023-09-27T16:41:25.685172+00:00', '--job-id', '276', '--raw', '--subdir', 'DAGS_FOLDER/web_scrapping_test.py', '--cfg-path', '/tmp/tmppzkbqulo']
[2023-09-27T16:41:35.996+0000] {standard_task_runner.py:85} INFO - Job 276: Subtask build_image
[2023-09-27T16:41:37.056+0000] {task_command.py:410} INFO - Running <TaskInstance: web_scraping_dag.build_image manual__2023-09-27T16:41:25.685172+00:00 [running]> on host 99db4f9ebf5f
[2023-09-27T16:41:38.904+0000] {taskinstance.py:1547} INFO - Exporting env vars: AIRFLOW_CTX_DAG_OWNER='***' AIRFLOW_CTX_DAG_ID='web_scraping_dag' AIRFLOW_CTX_TASK_ID='build_image' AIRFLOW_CTX_EXECUTION_DATE='2023-09-27T16:41:25.685172+00:00' AIRFLOW_CTX_TRY_NUMBER='1' AIRFLOW_CTX_DAG_RUN_ID='manual__2023-09-27T16:41:25.685172+00:00'
[2023-09-27T16:41:38.938+0000] {subprocess.py:63} INFO - Tmp dir root location: /tmp
[2023-09-27T16:41:38.970+0000] {subprocess.py:75} INFO - Running command: ['/bin/bash', '-c', 'docker build -f Dockerfile-selenium -t my_selenium_image . --tag sel_webscrap']
[2023-09-27T16:41:39.146+0000] {subprocess.py:86} INFO - Output:
[2023-09-27T16:41:39.966+0000] {subprocess.py:93} INFO - unable to prepare context: unable to evaluate symlinks in Dockerfile path: lstat /tmp/***tmp744naw0w/Dockerfile-selenium: no such file or directory
[2023-09-27T16:41:39.994+0000] {subprocess.py:97} INFO - Command exited with return code 1
[2023-09-27T16:41:40.158+0000] {taskinstance.py:1824} ERROR - Task failed with exception
Traceback (most recent call last):
  File "/home/airflow/.local/lib/python3.7/site-packages/airflow/operators/bash.py", line 211, in execute
    f"Bash command failed. The command returned a non-zero exit code {result.exit_code}."
airflow.exceptions.AirflowException: Bash command failed. The command returned a non-zero exit code 1.
[2023-09-27T16:41:40.199+0000] {taskinstance.py:1350} INFO - Marking task as UP_FOR_RETRY. dag_id=web_scraping_dag, task_id=build_image, execution_date=20230927T164125, start_date=20230927T164135, end_date=20230927T164140
[2023-09-27T16:41:40.514+0000] {standard_task_runner.py:109} ERROR - Failed to execute job 276 for task build_image (Bash command failed. The command returned a non-zero exit code 1.; 2002)
[2023-09-27T16:41:40.662+0000] {local_task_job_runner.py:225} INFO - Task exited with return code 1
[2023-09-27T16:41:41.429+0000] {taskinstance.py:2653} INFO - 0 downstream tasks scheduled from follow-on schedule check
