[2023-09-27T16:42:40.841+0000] {taskinstance.py:1103} INFO - Dependencies all met for dep_context=non-requeueable deps ti=<TaskInstance: web_scraping_dag.build_image manual__2023-09-27T16:41:25.685172+00:00 [queued]>
[2023-09-27T16:42:40.851+0000] {taskinstance.py:1103} INFO - Dependencies all met for dep_context=requeueable deps ti=<TaskInstance: web_scraping_dag.build_image manual__2023-09-27T16:41:25.685172+00:00 [queued]>
[2023-09-27T16:42:40.851+0000] {taskinstance.py:1308} INFO - Starting attempt 2 of 2
[2023-09-27T16:42:40.876+0000] {taskinstance.py:1327} INFO - Executing <Task(BashOperator): build_image> on 2023-09-27 16:41:25.685172+00:00
[2023-09-27T16:42:40.884+0000] {standard_task_runner.py:57} INFO - Started process 2032 to run task
[2023-09-27T16:42:40.889+0000] {standard_task_runner.py:84} INFO - Running: ['***', 'tasks', 'run', 'web_scraping_dag', 'build_image', 'manual__2023-09-27T16:41:25.685172+00:00', '--job-id', '277', '--raw', '--subdir', 'DAGS_FOLDER/web_scrapping_test.py', '--cfg-path', '/tmp/tmpixmuzgc8']
[2023-09-27T16:42:40.890+0000] {standard_task_runner.py:85} INFO - Job 277: Subtask build_image
[2023-09-27T16:42:40.961+0000] {task_command.py:410} INFO - Running <TaskInstance: web_scraping_dag.build_image manual__2023-09-27T16:41:25.685172+00:00 [running]> on host 99db4f9ebf5f
[2023-09-27T16:42:41.068+0000] {taskinstance.py:1547} INFO - Exporting env vars: AIRFLOW_CTX_DAG_OWNER='***' AIRFLOW_CTX_DAG_ID='web_scraping_dag' AIRFLOW_CTX_TASK_ID='build_image' AIRFLOW_CTX_EXECUTION_DATE='2023-09-27T16:41:25.685172+00:00' AIRFLOW_CTX_TRY_NUMBER='2' AIRFLOW_CTX_DAG_RUN_ID='manual__2023-09-27T16:41:25.685172+00:00'
[2023-09-27T16:42:41.070+0000] {subprocess.py:63} INFO - Tmp dir root location: /tmp
[2023-09-27T16:42:41.071+0000] {subprocess.py:75} INFO - Running command: ['/bin/bash', '-c', 'docker build -f Dockerfile-selenium -t my_selenium_image . --tag sel_webscrap']
[2023-09-27T16:42:41.094+0000] {subprocess.py:86} INFO - Output:
[2023-09-27T16:42:41.118+0000] {subprocess.py:93} INFO - unable to prepare context: unable to evaluate symlinks in Dockerfile path: lstat /tmp/***tmp_ugoms4k/Dockerfile-selenium: no such file or directory
[2023-09-27T16:42:41.120+0000] {subprocess.py:97} INFO - Command exited with return code 1
[2023-09-27T16:42:41.135+0000] {taskinstance.py:1824} ERROR - Task failed with exception
Traceback (most recent call last):
  File "/home/airflow/.local/lib/python3.7/site-packages/airflow/operators/bash.py", line 211, in execute
    f"Bash command failed. The command returned a non-zero exit code {result.exit_code}."
airflow.exceptions.AirflowException: Bash command failed. The command returned a non-zero exit code 1.
[2023-09-27T16:42:41.140+0000] {taskinstance.py:1350} INFO - Marking task as FAILED. dag_id=web_scraping_dag, task_id=build_image, execution_date=20230927T164125, start_date=20230927T164240, end_date=20230927T164241
[2023-09-27T16:42:41.155+0000] {standard_task_runner.py:109} ERROR - Failed to execute job 277 for task build_image (Bash command failed. The command returned a non-zero exit code 1.; 2032)
[2023-09-27T16:42:41.181+0000] {local_task_job_runner.py:225} INFO - Task exited with return code 1
[2023-09-27T16:42:41.208+0000] {taskinstance.py:2653} INFO - 0 downstream tasks scheduled from follow-on schedule check
